<?xml version="1.0" encoding="UTF-8"?>
<testng-results skipped="0" failed="0" ignored="0" total="1" passed="1">
  <reporter-output>
  </reporter-output>
  <suite name="Suite1" duration-ms="44110" started-at="2017-12-14T16:43:58Z" finished-at="2017-12-14T16:44:42Z">
    <groups>
    </groups>
    <test name="Nopackage" duration-ms="44110" started-at="2017-12-14T16:43:58Z" finished-at="2017-12-14T16:44:42Z">
      <class name="ElementTest">
        <test-method status="PASS" signature="openBrowser()[pri:0, instance:ElementTest@5b275dab]" name="openBrowser" is-config="true" duration-ms="4927" started-at="2017-12-14T11:43:58Z" finished-at="2017-12-14T11:44:03Z">
          <reporter-output>
          </reporter-output>
        </test-method> <!-- openBrowser -->
        <test-method status="PASS" signature="Test()[pri:0, instance:ElementTest@5b275dab]" name="Test" duration-ms="39083" started-at="2017-12-14T11:44:03Z" finished-at="2017-12-14T11:44:42Z">
          <reporter-output>
          </reporter-output>
        </test-method> <!-- Test -->
      </class> <!-- ElementTest -->
    </test> <!-- Nopackage -->
  </suite> <!-- Suite1 -->
</testng-results>
